[debug] [2026-07-01T16:20:48.163Z] ----------------------------------------------------------------------
[debug] [2026-07-01T16:20:48.166Z] Command:       C:\Program Files\nodejs\node.exe C:\Users\nabee\AppData\Roaming\npm\node_modules\firebase-tools\lib\bin\firebase.js login --no-localhost --reauth --debug
[debug] [2026-07-01T16:20:48.166Z] CLI Version:   15.22.4
[debug] [2026-07-01T16:20:48.166Z] Platform:      win32
[debug] [2026-07-01T16:20:48.166Z] Node Version:  v26.3.1
[debug] [2026-07-01T16:20:48.167Z] Detected Agent: unknown
[debug] [2026-07-01T16:20:48.167Z] Time:          Wed Jul 01 2026 21:50:48 GMT+0530 (India Standard Time)
[debug] [2026-07-01T16:20:48.167Z] ----------------------------------------------------------------------
[debug] 
[debug] [2026-07-01T16:20:48.169Z] >>> [apiv2][query] GET https://firebase-public.firebaseio.com/cli.json [none]
[debug] [2026-07-01T16:20:48.209Z] >>> [apiv2][query] POST https://auth.firebase.tools/attest [none]
[debug] [2026-07-01T16:20:48.209Z] >>> [apiv2][body] POST https://auth.firebase.tools/attest {"session_id":"9b0a4f90-98fd-4c15-a325-82904039442c"}
[debug] [2026-07-01T16:20:48.889Z] <<< [apiv2][status] POST https://auth.firebase.tools/attest 200
[debug] [2026-07-01T16:20:48.890Z] <<< [apiv2][body] POST https://auth.firebase.tools/attest {"token":"NQ4eQ8rqf2cLhnpeCN0dwmo1jCbhr9u7DM4LeqIFdYs"}
[info] 
[info] To sign in to the Firebase CLI:
[info] 
[info] 1. Take note of your session ID:
[info] 
[info]    9B0A4
[info] 
[info] 2. Visit the URL below on any device and follow the instructions to get your code:
[info] 
[info]    https://auth.firebase.tools/login?code_challenge=MMjLUpbjnlvSwpnir_jiohB2S7vGZ7Zh2zqrjfR0sA0&session=9b0a4f90-98fd-4c15-a325-82904039442c&attest=NQ4eQ8rqf2cLhnpeCN0dwmo1jCbhr9u7DM4LeqIFdYs
[info] 
[info] 3. Paste or enter the authorization code below once you have it:
[info] 
[debug] [2026-07-01T16:20:49.020Z] <<< [apiv2][status] GET https://firebase-public.firebaseio.com/cli.json 200
[debug] [2026-07-01T16:20:49.020Z] <<< [apiv2][body] GET https://firebase-public.firebaseio.com/cli.json {"cloudBuildErrorAfter":1594252800000,"cloudBuildWarnAfter":1590019200000,"defaultNode10After":1594252800000,"minVersion":"3.0.5","node8DeploysDisabledAfter":1613390400000,"node8RuntimeDisabledAfter":1615809600000,"node8WarnAfter":1600128000000}
[debug] [2026-07-01T16:21:34.812Z] >>> [apiv2][query] POST https://accounts.google.com/o/oauth2/token [none]
[debug] [2026-07-01T16:21:34.813Z] >>> [apiv2][body] POST https://accounts.google.com/o/oauth2/token [omitted]
[debug] [2026-07-01T16:21:35.285Z] *** [apiv2] retrying https://accounts.google.com/o/oauth2/token without keep-alive after a premature close error
[debug] [2026-07-01T16:21:36.292Z] *** [apiv2] Attempting the request again. Attempt number 2
[debug] [2026-07-01T16:21:36.293Z] >>> [apiv2][query] POST https://accounts.google.com/o/oauth2/token [none]
[debug] [2026-07-01T16:21:36.294Z] >>> [apiv2][body] POST https://accounts.google.com/o/oauth2/token [omitted]
[debug] [2026-07-01T16:21:36.661Z] <<< [apiv2][status] POST https://accounts.google.com/o/oauth2/token 400
[debug] [2026-07-01T16:21:36.663Z] <<< [apiv2][body] POST https://accounts.google.com/o/oauth2/token [omitted]
[debug] [2026-07-01T16:21:36.667Z] Token Fetch Error: FirebaseError: Request to https://accounts.google.com/o/oauth2/token had HTTP Error: 400, invalid_grant
    at responseToError (C:\Users\nabee\AppData\Roaming\npm\node_modules\firebase-tools\lib\responseToError.js:53:12)
    at RetryOperation._fn (C:\Users\nabee\AppData\Roaming\npm\node_modules\firebase-tools\lib\apiv2.js:381:77)
    at process.processTicksAndRejections (node:internal/process/task_queues:104:5)
[error] Authentication Error: Your credentials are no longer valid. Please run firebase login --reauth

For CI servers and headless environments, generate a new token with firebase login:ci
[error] 
[error] Error: Unable to authenticate using the provided code. Please try again.
[debug] [2026-07-01T16:21:45.644Z] ----------------------------------------------------------------------
[debug] [2026-07-01T16:21:45.647Z] Command:       C:\Program Files\nodejs\node.exe C:\Users\nabee\AppData\Roaming\npm\node_modules\firebase-tools\lib\bin\firebase.js login:ci --no-localhost --debug
[debug] [2026-07-01T16:21:45.647Z] CLI Version:   15.22.4
[debug] [2026-07-01T16:21:45.647Z] Platform:      win32
[debug] [2026-07-01T16:21:45.647Z] Node Version:  v26.3.1
[debug] [2026-07-01T16:21:45.648Z] Detected Agent: unknown
[debug] [2026-07-01T16:21:45.648Z] Time:          Wed Jul 01 2026 21:51:45 GMT+0530 (India Standard Time)
[debug] [2026-07-01T16:21:45.648Z] ----------------------------------------------------------------------
[debug] 
[warn] !  Authenticating with a `login:ci` token is deprecated and will be removed in a future major version of `firebase-tools`. Instead, use a service account key with `GOOGLE_APPLICATION_CREDENTIALS`: https://cloud.google.com/docs/authentication/getting-started 
[debug] [2026-07-01T16:21:45.664Z] >>> [apiv2][query] POST https://auth.firebase.tools/attest [none]
[debug] [2026-07-01T16:21:45.665Z] >>> [apiv2][body] POST https://auth.firebase.tools/attest {"session_id":"3a0d6c2e-eff7-4ddd-a45b-3a2b4eb51b6c"}
[debug] [2026-07-01T16:21:46.429Z] <<< [apiv2][status] POST https://auth.firebase.tools/attest 200
[debug] [2026-07-01T16:21:46.429Z] <<< [apiv2][body] POST https://auth.firebase.tools/attest {"token":"WNccZz8EAGTDG1Hk25s4W4Muyyb6O_7RCRUzY6A0uYg"}
[info] 
[info] To sign in to the Firebase CLI:
[info] 
[info] 1. Take note of your session ID:
[info] 
[info]    3A0D6
[info] 
[info] 2. Visit the URL below on any device and follow the instructions to get your code:
[info] 
[info]    https://auth.firebase.tools/login?code_challenge=8ylWqf8_kKlAzgPebvbOaf-t2LVFYrq1bXLsyl-77vg&session=3a0d6c2e-eff7-4ddd-a45b-3a2b4eb51b6c&attest=WNccZz8EAGTDG1Hk25s4W4Muyyb6O_7RCRUzY6A0uYg
[info] 
[info] 3. Paste or enter the authorization code below once you have it:
[info] 
[debug] [2026-07-01T16:22:19.777Z] >>> [apiv2][query] POST https://accounts.google.com/o/oauth2/token [none]
[debug] [2026-07-01T16:22:19.777Z] >>> [apiv2][body] POST https://accounts.google.com/o/oauth2/token [omitted]
[debug] [2026-07-01T16:22:20.164Z] *** [apiv2] retrying https://accounts.google.com/o/oauth2/token without keep-alive after a premature close error
[debug] [2026-07-01T16:22:21.173Z] *** [apiv2] Attempting the request again. Attempt number 2
[debug] [2026-07-01T16:22:21.174Z] >>> [apiv2][query] POST https://accounts.google.com/o/oauth2/token [none]
[debug] [2026-07-01T16:22:21.175Z] >>> [apiv2][body] POST https://accounts.google.com/o/oauth2/token [omitted]
[debug] [2026-07-01T16:22:21.564Z] <<< [apiv2][status] POST https://accounts.google.com/o/oauth2/token 400
[debug] [2026-07-01T16:22:21.565Z] <<< [apiv2][body] POST https://accounts.google.com/o/oauth2/token [omitted]
[debug] [2026-07-01T16:22:21.570Z] Token Fetch Error: FirebaseError: Request to https://accounts.google.com/o/oauth2/token had HTTP Error: 400, invalid_grant
    at responseToError (C:\Users\nabee\AppData\Roaming\npm\node_modules\firebase-tools\lib\responseToError.js:53:12)
    at RetryOperation._fn (C:\Users\nabee\AppData\Roaming\npm\node_modules\firebase-tools\lib\apiv2.js:381:77)
    at process.processTicksAndRejections (node:internal/process/task_queues:104:5)
[error] Authentication Error: Your credentials are no longer valid. Please run firebase login --reauth

For CI servers and headless environments, generate a new token with firebase login:ci
[error] 
[error] Error: Unable to authenticate using the provided code. Please try again.
[debug] [2026-07-01T16:22:33.431Z] ----------------------------------------------------------------------
[debug] [2026-07-01T16:22:33.434Z] Command:       C:\Program Files\nodejs\node.exe C:\Users\nabee\AppData\Roaming\npm\node_modules\firebase-tools\lib\bin\firebase.js login --no-localhost --reauth --debug
[debug] [2026-07-01T16:22:33.434Z] CLI Version:   15.22.4
[debug] [2026-07-01T16:22:33.435Z] Platform:      win32
[debug] [2026-07-01T16:22:33.435Z] Node Version:  v26.3.1
[debug] [2026-07-01T16:22:33.435Z] Detected Agent: unknown
[debug] [2026-07-01T16:22:33.435Z] Time:          Wed Jul 01 2026 21:52:33 GMT+0530 (India Standard Time)
[debug] [2026-07-01T16:22:33.435Z] ----------------------------------------------------------------------
[debug] 
[debug] [2026-07-01T16:22:33.449Z] >>> [apiv2][query] POST https://auth.firebase.tools/attest [none]
[debug] [2026-07-01T16:22:33.450Z] >>> [apiv2][body] POST https://auth.firebase.tools/attest {"session_id":"56318daf-5d82-4e5b-bce0-03eba61262ac"}
[debug] [2026-07-01T16:22:34.411Z] <<< [apiv2][status] POST https://auth.firebase.tools/attest 200
[debug] [2026-07-01T16:22:34.411Z] <<< [apiv2][body] POST https://auth.firebase.tools/attest {"token":"eXPdBjbG4YlQetBVhXcXSqVID_-hdz2CssXpBD-16Vs"}
[info] 
[info] To sign in to the Firebase CLI:
[info] 
[info] 1. Take note of your session ID:
[info] 
[info]    56318
[info] 
[info] 2. Visit the URL below on any device and follow the instructions to get your code:
[info] 
[info]    https://auth.firebase.tools/login?code_challenge=ul12aryBQH8IV0OoMZrAKlvJCeTmRNboW_BKm6Fwlto&session=56318daf-5d82-4e5b-bce0-03eba61262ac&attest=eXPdBjbG4YlQetBVhXcXSqVID_-hdz2CssXpBD-16Vs
[info] 
[info] 3. Paste or enter the authorization code below once you have it:
[info] 
[debug] [2026-07-01T16:27:02.105Z] >>> [apiv2][query] POST https://accounts.google.com/o/oauth2/token [none]
[debug] [2026-07-01T16:27:02.105Z] >>> [apiv2][body] POST https://accounts.google.com/o/oauth2/token [omitted]
[debug] [2026-07-01T16:27:02.557Z] *** [apiv2] retrying https://accounts.google.com/o/oauth2/token without keep-alive after a premature close error
[debug] [2026-07-01T16:27:03.568Z] *** [apiv2] Attempting the request again. Attempt number 2
[debug] [2026-07-01T16:27:03.569Z] >>> [apiv2][query] POST https://accounts.google.com/o/oauth2/token [none]
[debug] [2026-07-01T16:27:03.570Z] >>> [apiv2][body] POST https://accounts.google.com/o/oauth2/token [omitted]
[debug] [2026-07-01T16:27:03.947Z] <<< [apiv2][status] POST https://accounts.google.com/o/oauth2/token 400
[debug] [2026-07-01T16:27:03.947Z] <<< [apiv2][body] POST https://accounts.google.com/o/oauth2/token [omitted]
[debug] [2026-07-01T16:27:03.949Z] Token Fetch Error: FirebaseError: Request to https://accounts.google.com/o/oauth2/token had HTTP Error: 400, invalid_grant
    at responseToError (C:\Users\nabee\AppData\Roaming\npm\node_modules\firebase-tools\lib\responseToError.js:53:12)
    at RetryOperation._fn (C:\Users\nabee\AppData\Roaming\npm\node_modules\firebase-tools\lib\apiv2.js:381:77)
    at process.processTicksAndRejections (node:internal/process/task_queues:104:5)
[error] Authentication Error: Your credentials are no longer valid. Please run firebase login --reauth

For CI servers and headless environments, generate a new token with firebase login:ci
[error] 
[error] Error: Unable to authenticate using the provided code. Please try again.
[debug] [2026-07-01T16:27:08.886Z] ----------------------------------------------------------------------
[debug] [2026-07-01T16:27:08.890Z] Command:       C:\Program Files\nodejs\node.exe C:\Users\nabee\AppData\Roaming\npm\node_modules\firebase-tools\lib\bin\firebase.js login --no-localhost --reauth --debug
[debug] [2026-07-01T16:27:08.891Z] CLI Version:   15.22.4
[debug] [2026-07-01T16:27:08.891Z] Platform:      win32
[debug] [2026-07-01T16:27:08.891Z] Node Version:  v26.3.1
[debug] [2026-07-01T16:27:08.891Z] Detected Agent: unknown
[debug] [2026-07-01T16:27:08.891Z] Time:          Wed Jul 01 2026 21:57:08 GMT+0530 (India Standard Time)
[debug] [2026-07-01T16:27:08.891Z] ----------------------------------------------------------------------
[debug] 
[debug] [2026-07-01T16:27:08.908Z] >>> [apiv2][query] POST https://auth.firebase.tools/attest [none]
[debug] [2026-07-01T16:27:08.909Z] >>> [apiv2][body] POST https://auth.firebase.tools/attest {"session_id":"f776be5c-4b04-4c51-b20f-881df01c16ee"}
[debug] [2026-07-01T16:27:09.640Z] <<< [apiv2][status] POST https://auth.firebase.tools/attest 200
[debug] [2026-07-01T16:27:09.641Z] <<< [apiv2][body] POST https://auth.firebase.tools/attest {"token":"dKdynmJb5zEG1458vRUOMAlvmiZaTn6gQZhr01xq0Ao"}
[info] 
[info] To sign in to the Firebase CLI:
[info] 
[info] 1. Take note of your session ID:
[info] 
[info]    F776B
[info] 
[info] 2. Visit the URL below on any device and follow the instructions to get your code:
[info] 
[info]    https://auth.firebase.tools/login?code_challenge=qKpqNNouKtYY0ak2c4pE53NhriaG0QkpVySPUHtKKgA&session=f776be5c-4b04-4c51-b20f-881df01c16ee&attest=dKdynmJb5zEG1458vRUOMAlvmiZaTn6gQZhr01xq0Ao
[info] 
[info] 3. Paste or enter the authorization code below once you have it:
[info] 
[debug] [2026-07-01T16:30:26.224Z] ExitPromptError: User force closed the prompt with SIGINT
    at Interface.sigint (C:\Users\nabee\AppData\Roaming\npm\node_modules\firebase-tools\node_modules\@inquirer\core\dist\commonjs\lib\create-prompt.js:101:37)
    at Interface.emit (node:events:509:20)
    at [_ttyWrite] [as _ttyWrite] (node:internal/readline/interface:1327:18)
    at ReadStream.onkeypress (node:internal/readline/interface:284:20)
    at ReadStream.emit (node:events:521:24)
    at emitKeys (node:internal/readline/utils:371:14)
    at emitKeys.next (<anonymous>)
    at ReadStream.onData (node:internal/readline/emitKeypressEvents:64:36)
    at ReadStream.emit (node:events:509:20)
    at addChunk (node:internal/streams/readable:568:12)
[error] 
[error] Error: An unexpected error has occurred.
